<?xml version="1.0" encoding="UTF-8"?>
<!-- Generated by org.testng.reporters.JUnitReportReporter -->
<testsuite hostname="Pavan-Lenova" failures="0" tests="1" name="testcases.TC3_Logout" time="5.016" errors="0" timestamp="2024-11-19T21:44:29 IST" skipped="0">
  <testcase classname="testcases.TC3_Logout" name="testLogout" time="5.016"/>
</testsuite> <!-- testcases.TC3_Logout -->
