<?xml version="1.0" encoding="UTF-8"?>
<!-- Generated by org.testng.reporters.JUnitReportReporter -->
<testsuite hostname="Pavan-Lenova" failures="0" tests="1" name="testcases.TC4_SeachProduct" time="2.529" errors="0" timestamp="2024-11-19T21:44:29 IST" skipped="0">
  <testcase classname="testcases.TC4_SeachProduct" name="testProductSearch" time="2.529"/>
</testsuite> <!-- testcases.TC4_SeachProduct -->
