<?xml version="1.0" encoding="UTF-8"?>
<!-- Generated by org.testng.reporters.JUnitReportReporter -->
<testsuite hostname="Pavan-Lenova" failures="0" tests="6" name="testcases.TC2_Loginddt" time="116.943" errors="0" timestamp="2024-11-19T20:46:46 IST" skipped="0">
  <testcase classname="testcases.TC2_Loginddt" name="testLogin" time="22.665"/>
  <testcase classname="testcases.TC2_Loginddt" name="testLogin" time="22.686"/>
  <testcase classname="testcases.TC2_Loginddt" name="testLogin" time="22.641"/>
  <testcase classname="testcases.TC2_Loginddt" name="testLogin" time="22.844"/>
  <testcase classname="testcases.TC2_Loginddt" name="testLogin" time="22.727"/>
  <testcase classname="testcases.TC2_Loginddt" name="testLogin" time="3.380"/>
</testsuite> <!-- testcases.TC2_Loginddt -->
