<?xml version="1.0" encoding="UTF-8"?>
<!-- Generated by org.testng.reporters.JUnitReportReporter -->
<testsuite hostname="Pavan-Lenova" failures="0" tests="1" name="testcases.TC5_AddToCart" time="3.816" errors="0" timestamp="2024-11-19T21:44:29 IST" skipped="0">
  <testcase classname="testcases.TC5_AddToCart" name="testAddToCart" time="3.816"/>
</testsuite> <!-- testcases.TC5_AddToCart -->
