<?xml version="1.0" encoding="UTF-8"?>
<!-- Generated by org.testng.reporters.JUnitReportReporter -->
<testsuite hostname="Pavan-Lenova" failures="0" tests="1" name="testcases.TC6_EndToEndTest" time="20.154" errors="0" timestamp="2024-11-20T21:11:10 IST" skipped="0">
  <testcase classname="testcases.TC6_EndToEndTest" name="executeEndToEndTest" time="20.154"/>
</testsuite> <!-- testcases.TC6_EndToEndTest -->
