<?xml version="1.0" encoding="UTF-8"?>
<!-- Generated by org.testng.reporters.JUnitReportReporter -->
<testsuite hostname="Pavan-Lenova" failures="0" tests="2" name="testcases.TC2_Login" time="8.689" errors="0" timestamp="2024-11-19T21:40:08 IST" skipped="0">
  <testcase classname="testcases.TC2_Login" name="testLoginWithValidCredentials" time="3.465"/>
  <testcase classname="testcases.TC2_Login" name="testLoginWithValidCredentials" time="5.224"/>
</testsuite> <!-- testcases.TC2_Login -->
