<?xml version="1.0" encoding="UTF-8"?>
<!-- Generated by org.testng.reporters.JUnitReportReporter -->
<testsuite hostname="Pavan-Lenova" failures="0" tests="2" name="testcases.TC1_Registration" time="7.695" errors="0" timestamp="2024-11-19T21:40:08 IST" skipped="0">
  <testcase classname="testcases.TC1_Registration" name="testUserRegistration" time="3.882"/>
  <testcase classname="testcases.TC1_Registration" name="testUserRegistration" time="3.813"/>
</testsuite> <!-- testcases.TC1_Registration -->
